2014-09-12 01:17:07 paged_title() [Tải game miễn Phí, tải ứng dụng android] [ - Part 2]
2014-09-12 01:26:14 paged_title() [Nổi Bật] [ - Part 2]
2014-09-12 01:58:01 paged_title() [Game Online] [ - Part 2]
2014-09-12 04:51:16 paged_title() [Tải game miễn Phí, tải ứng dụng android] [ - Part 2]
2014-09-12 05:37:40 paged_title() [Tải game miễn Phí, tải ứng dụng android] [ - Part 2]
2014-09-12 06:52:33 paged_title() [Tải game miễn Phí, tải ứng dụng android] [ - Part 2]
2014-09-12 08:18:16 paged_title() [Tải game miễn Phí, tải ứng dụng android] [ - Part 2]
2014-09-12 09:19:08 paged_title() [Tải game miễn Phí, tải ứng dụng android] [ - Part 2]
2014-09-12 23:47:55 paged_title() [Tải game miễn Phí, tải ứng dụng android] [ - Part 2]
2014-09-13 00:48:14 paged_title() [Tải game miễn Phí, tải ứng dụng android] [ - Part 2]
2014-09-13 19:50:41 paged_title() [Game Android] [ - Part 5]
2014-09-13 19:56:01 paged_title() [Game Android] [ - Part 4]
2014-09-13 21:05:35 paged_title() [Game Online] [ - Part 4]
2014-09-13 21:10:27 paged_title() [Game Online] [ - Part 3]
2014-09-14 01:19:34 paged_title() [Tải game miễn Phí, tải ứng dụng android] [ - Part 2]
2014-09-14 08:18:06 paged_title() [Tải game miễn Phí, tải ứng dụng android] [ - Part 2]
2014-09-14 13:26:10 paged_title() [Tải game miễn Phí, tải ứng dụng android] [ - Part 2]
2014-09-14 16:52:40 paged_title() [Nổi Bật] [ - Part 2]
2014-09-14 16:53:19 paged_title() [Game Online] [ - Part 2]
2014-09-14 16:53:34 paged_title() [Game Online] [ - Part 3]
2014-09-14 16:53:59 paged_title() [Game Online] [ - Part 3]
2014-09-14 16:55:33 paged_title() [Game Online] [ - Part 2]
2014-09-14 16:55:34 paged_title() [Game Online] [ - Part 2]
2014-09-14 16:55:34 paged_title() [Game Online] [ - Part 2]
2014-09-14 16:55:34 paged_title() [Game Online] [ - Part 2]
2014-09-14 16:55:35 paged_title() [Game Online] [ - Part 2]
2014-09-14 16:55:35 paged_title() [Game Online] [ - Part 2]
2014-09-14 16:55:35 paged_title() [Game Online] [ - Part 2]
2014-09-14 16:55:35 paged_title() [Game Online] [ - Part 2]
2014-09-14 16:55:36 paged_title() [Game Online] [ - Part 2]
2014-09-14 16:55:36 paged_title() [Game Online] [ - Part 2]
2014-09-14 16:55:37 paged_title() [Game Online] [ - Part 2]
2014-09-14 16:55:38 paged_title() [Game Online] [ - Part 2]
2014-09-14 16:55:39 paged_title() [Game Online] [ - Part 2]
2014-09-14 16:55:39 paged_title() [Game Online] [ - Part 2]
2014-09-14 16:55:39 paged_title() [Game Online] [ - Part 2]
2014-09-14 16:55:39 paged_title() [Game Online] [ - Part 2]
2014-09-14 16:55:40 paged_title() [Game Online] [ - Part 2]
2014-09-14 16:55:40 paged_title() [Game Online] [ - Part 2]
2014-09-14 16:55:40 paged_title() [Game Online] [ - Part 2]
2014-09-14 16:55:40 paged_title() [Game Online] [ - Part 2]
2014-09-14 16:55:40 paged_title() [Game Online] [ - Part 2]
2014-09-14 16:55:41 paged_title() [Game Online] [ - Part 2]
2014-09-14 22:53:20 paged_title() [Game IOS] [ - Part 2]
2014-09-15 00:37:26 paged_title() [Game Online] [ - Part 3]
2014-09-15 00:57:27 paged_title() [skyler] [ - Part 2]
2014-09-15 01:37:58 paged_title() [Tải game miễn Phí, tải ứng dụng android] [ - Part 2]
2014-09-15 03:04:09 paged_title() [Tải game miễn Phí, tải ứng dụng android] [ - Part 2]
2014-09-15 09:11:27 paged_title() [Tải game miễn Phí, tải ứng dụng android] [ - Part 2]
2014-09-15 09:12:06 paged_title() [Java Game] [ - Part 2]
2014-09-15 10:11:25 paged_title() [Game Online] [ - Part 2]
2014-09-15 13:28:34 paged_title() [Game Android] [ - Part 2]
2014-09-15 13:28:38 paged_title() [Game Android] [ - Part 5]
2014-09-15 13:28:40 paged_title() [Game IOS] [ - Part 2]
2014-09-15 13:28:45 paged_title() [Game Online] [ - Part 2]
2014-09-15 13:28:49 paged_title() [Game Online] [ - Part 4]
2014-09-15 13:28:52 paged_title() [Java Game] [ - Part 2]
2014-09-15 13:28:55 paged_title() [Nổi Bật] [ - Part 2]
2014-09-15 15:20:08 paged_title() [Game Android] [ - Part 3]
2014-09-15 20:08:59 paged_title() [Tải game miễn Phí, tải ứng dụng android] [ - Part 2]
2014-09-15 22:57:30 paged_title() [Game Android] [ - Part 4]
2014-09-15 22:57:55 paged_title() [Game Online] [ - Part 3]
2014-09-15 22:59:26 paged_title() [Game Android | Tải Game miễn phí , Ứng dụng android] [ - Part 2]
2014-09-15 22:59:29 paged_title() [Game Android | Tải Game miễn phí , Ứng dụng android] [ - Part 4]
2014-09-15 22:59:31 paged_title() [Game Ios | Tải Game miễn phí , Ứng dụng android] [ - Part 2]
2014-09-15 22:59:36 paged_title() [Game Online | Tải Game miễn phí , Ứng dụng android] [ - Part 2]
2014-09-15 22:59:39 paged_title() [Game Online | Tải Game miễn phí , Ứng dụng android] [ - Part 4]
2014-09-15 22:59:54 paged_title() [Java Game | Tải Game miễn phí , Ứng dụng android] [ - Part 2]
2014-09-15 23:30:13 paged_title() [Game Android] [ - Part 3]
2014-09-16 02:45:00 paged_title() [Game Online] [ - Part 2]
2014-09-16 12:14:27 paged_title() [Tải game miễn Phí, tải ứng dụng android] [ - Part 2]
2014-09-16 12:18:39 paged_title() [Tải game miễn Phí, tải ứng dụng android] [ - Part 2]
2014-09-16 15:17:06 paged_title() [Game Android | Tải Game miễn phí , Ứng dụng android] [ - Part 3]
2014-09-16 15:17:15 paged_title() [Game Online | Tải Game miễn phí , Ứng dụng android] [ - Part 3]
2014-09-16 19:39:34 paged_title() [SMS xếp hình] [ - Part 2]
2014-09-16 20:31:02 paged_title() [SMS xếp hình] [ - Part 2]
2014-09-17 01:27:48 paged_title() [Tải game miễn Phí, tải ứng dụng android] [ - Part 2]
2014-09-17 01:39:05 paged_title() [Tải game miễn Phí, tải ứng dụng android] [ - Part 2]
2014-09-17 03:27:27 paged_title() [Game Android] [ - Part 2]
2014-09-17 03:27:33 paged_title() [Game Android] [ - Part 3]
2014-09-17 03:27:37 paged_title() [Game Android] [ - Part 5]
2014-09-17 03:27:46 paged_title() [Game Android] [ - Part 3]
2014-09-17 03:28:01 paged_title() [Game Android] [ - Part 2]
2014-09-17 06:53:56 paged_title() [skyler] [ - Part 2]
2014-09-17 07:01:23 paged_title() [Tải game miễn Phí, tải ứng dụng android] [ - Part 2]
2014-09-17 11:20:32 paged_title() [Tải game miễn Phí, tải ứng dụng android] [ - Part 2]
2014-09-17 12:03:30 paged_title() [Nổi Bật] [ - Part 2]
2014-09-17 12:03:50 paged_title() [Nổi Bật] [ - Part 2]
2014-09-17 13:32:37 paged_title() [Tải game miễn Phí, tải ứng dụng android] [ - Part 2]
2014-09-17 13:33:33 paged_title() [Java Game] [ - Part 2]
2014-09-17 18:30:18 paged_title() [Tải game miễn Phí, tải ứng dụng android] [ - Part 2]
2014-09-17 20:52:09 paged_title() [Tải game miễn Phí, tải ứng dụng android] [ - Part 2]
2014-09-17 21:10:47 paged_title() [Tải game miễn Phí, tải ứng dụng android] [ - Part 2]
2014-09-17 21:12:33 paged_title() [Tải game miễn Phí, tải ứng dụng android] [ - Part 2]
2014-09-17 21:15:32 paged_title() [Tải game miễn Phí, tải ứng dụng android] [ - Part 2]
2014-09-17 21:16:54 paged_title() [Tải game miễn Phí, tải ứng dụng android] [ - Part 2]
2014-09-17 21:17:09 paged_title() [Tải game miễn Phí, tải ứng dụng android] [ - Part 2]
2014-09-18 00:09:24 paged_title() [Tải game miễn Phí, tải ứng dụng android] [ - Part 2]
2014-09-18 00:36:14 paged_title() [Sms Xếp Hình | Tải Game miễn phí , Ứng dụng android] [ - Part 2]
2014-09-18 00:58:49 paged_title() [Game Android] [ - Part 5]
2014-09-18 02:50:56 paged_title() [Tải game miễn Phí, tải ứng dụng android] [ - Part 2]
2014-09-18 05:48:05 paged_title() [Tải game miễn Phí, tải ứng dụng android] [ - Part 2]
2014-09-18 06:21:48 paged_title() [Tải game miễn Phí, tải ứng dụng android] [ - Part 2]
2014-09-18 11:51:09 paged_title() [Tải game miễn Phí, tải ứng dụng android] [ - Part 2]
2014-09-18 12:50:16 paged_title() [Tải game miễn Phí, tải ứng dụng android] [ - Part 2]
2014-09-18 13:05:41 paged_title() [Tải game miễn Phí, tải ứng dụng android] [ - Part 2]
2014-09-18 14:30:41 paged_title() [Tải game miễn Phí, tải ứng dụng android] [ - Part 2]
2014-09-18 14:56:11 paged_title() [Tải game miễn Phí, tải ứng dụng android] [ - Part 2]
2014-09-18 15:15:57 paged_title() [Tải game miễn Phí, tải ứng dụng android] [ - Part 2]
2014-09-18 15:24:14 paged_title() [Tải game miễn Phí, tải ứng dụng android] [ - Part 2]
2014-09-18 15:36:43 paged_title() [Tải game miễn Phí, tải ứng dụng android] [ - Part 2]
2014-09-18 21:43:23 paged_title() [Tải game miễn Phí, tải ứng dụng android] [ - Part 2]
2014-09-19 14:14:54 paged_title() [Tải game miễn Phí, tải ứng dụng android] [ - Part 2]
2014-09-19 14:15:09 paged_title() [Tải game miễn Phí, tải ứng dụng android] [ - Part 2]
2014-09-19 14:58:29 paged_title() [SMS xếp hình] [ - Part 2]
2014-09-19 14:58:36 paged_title() [Tải game miễn Phí, tải ứng dụng android] [ - Part 2]
2014-09-19 15:15:40 paged_title() [Tải game miễn Phí, tải ứng dụng android] [ - Part 2]
2014-09-19 15:16:20 paged_title() [Tải game miễn Phí, tải ứng dụng android] [ - Part 2]
2014-09-19 15:20:45 paged_title() [Game Online] [ - Part 2]
2014-09-19 15:21:19 paged_title() [Game Online] [ - Part 2]
2014-09-19 15:21:21 paged_title() [Game Online] [ - Part 3]
2014-09-19 15:22:52 paged_title() [Game Android | Tải Game miễn phí , Ứng dụng android] [ - Part 2]
2014-09-19 15:55:22 paged_title() [Tải game miễn Phí, tải ứng dụng android] [ - Part 2]
2014-09-19 21:54:40 paged_title() [Tải game miễn Phí, tải ứng dụng android] [ - Part 2]
2014-09-19 23:23:34 paged_title() [Game Android] [ - Part 2]
2014-09-19 23:23:35 paged_title() [Game Android] [ - Part 5]
2014-09-19 23:34:37 paged_title() [Game Android | Tải Game miễn phí , Ứng dụng android] [ - Part 2]
2014-09-19 23:34:37 paged_title() [Game Android | Tải Game miễn phí , Ứng dụng android] [ - Part 5]
2014-09-20 01:30:19 paged_title() [Game Online] [ - Part 2]
2014-09-20 01:30:24 paged_title() [Game Online] [ - Part 3]
2014-09-20 01:30:49 paged_title() [Game Online] [ - Part 3]
2014-09-20 01:31:20 paged_title() [Game Online] [ - Part 2]
2014-09-20 01:35:51 paged_title() [Game Online] [ - Part 4]
2014-09-20 11:06:04 paged_title() [Game | Tải Game miễn phí , Ứng dụng android] [ - Part 2]
2014-09-21 03:40:47 paged_title() [Tải game miễn Phí, tải ứng dụng android] [ - Part 2]
2014-09-21 11:05:08 paged_title() [Game IOS] [ - Part 2]
2014-09-21 23:21:44 paged_title() [SMS xếp hình] [ - Part 2]
2014-09-21 23:21:59 paged_title() [SMS xếp hình] [ - Part 2]
2014-09-21 23:22:13 paged_title() [SMS xếp hình] [ - Part 2]
2014-09-21 23:23:18 paged_title() [Game Online] [ - Part 2]
2014-09-21 23:23:21 paged_title() [Game Online] [ - Part 2]
2014-09-21 23:23:23 paged_title() [Game Online] [ - Part 3]
2014-09-21 23:24:31 paged_title() [Tải game miễn Phí, tải ứng dụng android] [ - Part 2]
2014-09-23 03:05:50 paged_title() [Tải game miễn Phí, tải ứng dụng android] [ - Part 2]
2014-09-24 10:14:42 paged_title() [Tải game miễn Phí, tải ứng dụng android] [ - Part 2]
2014-09-24 14:08:02 paged_title() [skyler] [ - Part 2]
2014-09-27 08:24:07 paged_title() [Tải game miễn Phí, tải ứng dụng android] [ - Part 2]
2014-09-28 07:48:45 paged_title() [Tải game miễn Phí, tải ứng dụng android] [ - Part 2]
2014-09-28 12:16:16 paged_title() [Game IOS] [ - Part 2]
2014-09-28 12:16:19 paged_title() [Java Game] [ - Part 3]
2014-09-28 12:16:23 paged_title() [Java Game] [ - Part 2]
2014-09-28 12:16:27 paged_title() [Game Online] [ - Part 3]
2014-09-28 12:16:41 paged_title() [Game Online] [ - Part 2]
2014-09-28 19:23:59 paged_title() [Game Android | Taidivn.com - Tải Game  , Ứng dụng điện thoại miễn phí] [ - Part 4]
2014-09-28 19:24:34 paged_title() [Game Ios | Taidivn.com - Tải Game  , Ứng dụng điện thoại miễn phí] [ - Part 2]
2014-09-28 19:25:11 paged_title() [Game Online | Taidivn.com - Tải Game  , Ứng dụng điện thoại miễn phí] [ - Part 2]
2014-09-28 19:25:48 paged_title() [Game Online | Taidivn.com - Tải Game  , Ứng dụng điện thoại miễn phí] [ - Part 3]
2014-09-28 19:26:31 paged_title() [Game Android | Taidivn.com - Tải Game  , Ứng dụng điện thoại miễn phí] [ - Part 2]
2014-09-28 19:27:58 paged_title() [Game Android | Taidivn.com - Tải Game  , Ứng dụng điện thoại miễn phí] [ - Part 3]
2014-09-29 08:18:10 paged_title() [Game Android] [ - Part 2]
2014-09-29 08:18:13 paged_title() [Game Android] [ - Part 5]
2014-09-29 08:18:16 paged_title() [Game IOS] [ - Part 2]
2014-09-29 08:18:19 paged_title() [Game Online] [ - Part 2]
2014-09-29 08:18:24 paged_title() [Game Online] [ - Part 3]
2014-09-29 08:18:28 paged_title() [Java Game] [ - Part 2]
2014-09-29 08:18:31 paged_title() [Java Game] [ - Part 3]
2014-09-29 08:18:35 paged_title() [SMS xếp hình] [ - Part 2]
2014-09-29 08:19:08 paged_title() [Ứng dụng Android] [ - Part 2]
2014-09-29 08:45:03 paged_title() [Game Android] [ - Part 2]
2014-09-29 08:45:06 paged_title() [Game Android] [ - Part 5]
2014-09-29 08:45:08 paged_title() [SMS xếp hình] [ - Part 2]
2014-09-29 08:45:11 paged_title() [Ứng dụng Android] [ - Part 2]
2014-09-29 08:48:52 paged_title() [Java Game | Taidivn.com - Tải Game  , Ứng dụng điện thoại miễn phí] [ - Part 2]
2014-09-29 08:48:57 paged_title() [Game Android] [ - Part 4]
2014-09-29 08:49:01 paged_title() [Game Android] [ - Part 3]
2014-09-29 08:49:50 paged_title() [SMS xếp hình] [ - Part 2]
2014-09-29 08:49:54 paged_title() [Game Android] [ - Part 5]
2014-09-29 08:49:58 paged_title() [Game Android] [ - Part 2]
2014-09-29 08:50:03 paged_title() [Ứng dụng Android] [ - Part 2]
2014-09-29 08:51:23 paged_title() [Game Android] [ - Part 2]
2014-09-29 08:51:32 paged_title() [Game Android] [ - Part 5]
2014-09-29 08:51:36 paged_title() [SMS xếp hình] [ - Part 2]
2014-09-29 08:52:14 paged_title() [Sms Xếp Hình | Taidivn.com - Tải Game  , Ứng dụng điện thoại miễn phí] [ - Part 2]
2014-09-29 08:52:43 paged_title() [Game Android] [ - Part 4]
2014-09-29 08:52:48 paged_title() [Game Android] [ - Part 3]
2014-09-29 08:54:03 paged_title() [Game Android] [ - Part 4]
2014-09-29 08:54:21 paged_title() [Game Android] [ - Part 5]
2014-09-29 08:54:32 paged_title() [Game Android] [ - Part 3]
2014-09-29 08:55:07 paged_title() [Game Android] [ - Part 5]
2014-09-29 08:55:30 paged_title() [Game Android] [ - Part 2]
2014-09-29 08:55:53 paged_title() [Ứng dụng Android] [ - Part 2]
2014-09-29 08:56:04 paged_title() [SMS xếp hình] [ - Part 2]
2014-09-29 08:56:16 paged_title() [Ứng dụng Android] [ - Part 2]
2014-09-29 08:56:28 paged_title() [SMS xếp hình] [ - Part 2]
2014-09-29 08:58:27 paged_title() [Game Android] [ - Part 4]
2014-09-29 09:00:03 paged_title() [Game Android] [ - Part 3]
2014-09-29 09:00:42 paged_title() [Game Android] [ - Part 4]
2014-09-29 09:03:26 paged_title() [Game Android] [ - Part 3]
2014-09-29 10:53:44 paged_title() [Tải game miễn Phí, tải ứng dụng android] [ - Part 2]
2014-09-29 11:07:51 paged_title() [Tải game miễn Phí, tải ứng dụng android] [ - Part 2]
2014-09-29 13:19:48 paged_title() [Game Android] [ - Part 2]
2014-09-29 14:19:22 paged_title() [Ứng dụng Android] [ - Part 2]
2014-09-29 14:36:14 paged_title() [SMS xếp hình] [ - Part 2]
2014-09-29 18:17:15 paged_title() [Game Android] [ - Part 6]
2014-09-29 18:37:00 paged_title() [Game Android] [ - Part 6]
2014-09-29 18:37:19 paged_title() [Game Online] [ - Part 4]
2014-09-29 18:37:34 paged_title() [Ứng dụng Android] [ - Part 2]
2014-09-29 18:38:01 paged_title() [Game Android] [ - Part 2]
2014-09-29 18:38:27 paged_title() [SMS xếp hình] [ - Part 2]
2014-09-29 18:38:52 paged_title() [Game Android] [ - Part 6]
2014-09-29 18:39:18 paged_title() [Game Android] [ - Part 2]
2014-09-29 18:39:44 paged_title() [Ứng dụng Android] [ - Part 2]
2014-09-29 18:40:10 paged_title() [Game Android] [ - Part 2]
2014-09-29 18:40:37 paged_title() [Game Android] [ - Part 6]
2014-09-29 18:41:04 paged_title() [Ứng dụng Android] [ - Part 2]
2014-09-29 18:41:35 paged_title() [SMS xếp hình] [ - Part 2]
2014-09-29 18:41:59 paged_title() [Game Android] [ - Part 3]
2014-09-29 18:42:12 paged_title() [Game Android] [ - Part 5]
2014-09-29 18:42:48 paged_title() [Game Android] [ - Part 3]
2014-09-29 18:43:01 paged_title() [Game Android] [ - Part 3]
2014-09-29 18:43:15 paged_title() [Game Android] [ - Part 5]
2014-09-29 18:43:59 paged_title() [Game Android] [ - Part 5]
2014-09-29 18:47:00 paged_title() [Game Android] [ - Part 4]
2014-09-29 18:47:15 paged_title() [Game Android] [ - Part 4]
2014-09-29 18:47:32 paged_title() [Game Android] [ - Part 4]
2014-09-29 20:11:44 paged_title() [Game Android] [ - Part 2]
2014-09-29 20:25:27 paged_title() [Game Android] [ - Part 5]
2014-09-29 20:25:51 paged_title() [SMS xếp hình] [ - Part 2]
2014-09-29 20:28:16 paged_title() [Ứng dụng Android] [ - Part 2]
2014-09-29 20:28:28 paged_title() [Game Android] [ - Part 4]
2014-09-29 20:30:25 paged_title() [Game Online] [ - Part 4]
2014-09-29 20:32:26 paged_title() [Game Android] [ - Part 2]
2014-09-29 20:32:29 paged_title() [Game Android] [ - Part 5]
2014-09-29 20:32:33 paged_title() [SMS xếp hình] [ - Part 2]
2014-09-29 20:33:03 paged_title() [Ứng dụng Android] [ - Part 2]
2014-09-29 20:33:13 paged_title() [Game Android] [ - Part 3]
2014-09-29 20:34:41 paged_title() [Game Android | Taidivn.com - Tải Game  , Ứng dụng điện thoại miễn phí] [ - Part 2]
2014-09-29 20:34:44 paged_title() [Game Android | Taidivn.com - Tải Game  , Ứng dụng điện thoại miễn phí] [ - Part 5]
2014-09-29 20:34:47 paged_title() [Game Ios | Taidivn.com - Tải Game  , Ứng dụng điện thoại miễn phí] [ - Part 2]
2014-09-29 20:34:50 paged_title() [Game Online | Taidivn.com - Tải Game  , Ứng dụng điện thoại miễn phí] [ - Part 2]
2014-09-29 20:34:52 paged_title() [Game Online | Taidivn.com - Tải Game  , Ứng dụng điện thoại miễn phí] [ - Part 3]
2014-09-29 20:35:23 paged_title() [Java Game | Taidivn.com - Tải Game  , Ứng dụng điện thoại miễn phí] [ - Part 2]
2014-09-30 00:43:53 paged_title() [Tải game miễn Phí, tải ứng dụng android] [ - Part 2]
2014-09-30 03:48:03 paged_title() [Java Game] [ - Part 2]
2014-09-30 03:48:33 paged_title() [Java Game] [ - Part 3]
2014-09-30 03:53:10 paged_title() [Game Online] [ - Part 4]
2014-09-30 03:54:29 paged_title() [Game Online] [ - Part 2]
2014-09-30 05:29:51 paged_title() [Game IOS] [ - Part 2]
2014-09-30 05:35:05 paged_title() [Game Android] [ - Part 6]
2014-09-30 05:42:14 paged_title() [Game Android] [ - Part 2]
2014-09-30 05:45:35 paged_title() [SMS xếp hình] [ - Part 2]
2014-09-30 06:24:03 paged_title() [Tải game miễn Phí, tải ứng dụng android] [ - Part 2]
2014-09-30 06:53:08 paged_title() [Game IOS] [ - Part 2]
2014-09-30 07:36:33 paged_title() [Tải game miễn Phí, tải ứng dụng android] [ - Part 2]
2014-09-30 11:03:32 paged_title() [Tải game miễn Phí, tải ứng dụng android] [ - Part 2]
2014-09-30 12:20:00 paged_title() [Game Android] [ - Part 2]
2014-09-30 12:20:09 paged_title() [Game Android] [ - Part 6]
2014-09-30 12:20:11 paged_title() [SMS xếp hình] [ - Part 2]
2014-09-30 12:21:20 paged_title() [Ứng dụng Android] [ - Part 2]
2014-09-30 12:21:24 paged_title() [Game Android] [ - Part 6]
2014-09-30 12:22:43 paged_title() [SMS xếp hình] [ - Part 2]
2014-09-30 12:24:04 paged_title() [SMS xếp hình] [ - Part 2]
2014-09-30 12:26:43 paged_title() [SMS xếp hình] [ - Part 2]
2014-09-30 12:27:24 paged_title() [SMS xếp hình] [ - Part 2]
2014-09-30 12:28:04 paged_title() [SMS xếp hình] [ - Part 2]
2014-09-30 12:28:43 paged_title() [Game Android] [ - Part 2]
2014-09-30 12:28:45 paged_title() [Game Android] [ - Part 6]
2014-09-30 12:28:47 paged_title() [SMS xếp hình] [ - Part 2]
2014-09-30 12:29:24 paged_title() [Ứng dụng Android] [ - Part 2]
2014-09-30 12:29:26 paged_title() [Game Android] [ - Part 6]
2014-09-30 12:30:58 paged_title() [SMS xếp hình] [ - Part 2]
2014-09-30 12:34:06 paged_title() [SMS xếp hình] [ - Part 2]
2014-09-30 12:34:34 paged_title() [Game Android | Taidivn.com - Tải Game  , Ứng dụng điện thoại miễn phí] [ - Part 4]
2014-09-30 12:36:00 paged_title() [Sms Xếp Hình | Taidivn.com - Tải Game  , Ứng dụng điện thoại miễn phí] [ - Part 2]
2014-09-30 16:06:32 paged_title() [Tải game miễn Phí, tải ứng dụng android] [ - Part 2]
2014-09-30 22:02:53 paged_title() [Game Android] [ - Part 2]
2014-09-30 22:02:57 paged_title() [Game Android] [ - Part 6]
2014-09-30 22:03:04 paged_title() [SMS xếp hình] [ - Part 2]
2014-09-30 22:03:37 paged_title() [Ứng dụng Android] [ - Part 2]
2014-09-30 22:03:40 paged_title() [Game Android] [ - Part 5]
2014-09-30 22:07:17 paged_title() [SMS xếp hình] [ - Part 2]
2014-09-30 22:09:48 paged_title() [SMS xếp hình] [ - Part 2]
2014-09-30 22:10:22 paged_title() [Ứng dụng Android] [ - Part 2]
2014-09-30 22:13:41 paged_title() [SMS xếp hình] [ - Part 2]
2014-09-30 22:14:15 paged_title() [Ứng dụng Android] [ - Part 2]
2014-09-30 23:00:42 paged_title() [Game Android] [ - Part 2]
2014-09-30 23:00:45 paged_title() [Game Android] [ - Part 6]
2014-09-30 23:00:52 paged_title() [SMS xếp hình] [ - Part 2]
2014-09-30 23:01:23 paged_title() [Ứng dụng Android] [ - Part 2]
2014-09-30 23:01:28 paged_title() [Game Android] [ - Part 5]
2014-09-30 23:04:22 paged_title() [SMS xếp hình] [ - Part 2]
2014-09-30 23:05:47 paged_title() [SMS xếp hình] [ - Part 2]
2014-09-30 23:06:09 paged_title() [Ứng dụng Android] [ - Part 2]
2014-09-30 23:08:07 paged_title() [Game Android] [ - Part 3]
2014-09-30 23:08:10 paged_title() [Game Android] [ - Part 4]
2014-09-30 23:08:13 paged_title() [Game Android] [ - Part 2]
2014-09-30 23:08:16 paged_title() [Game Android] [ - Part 6]
2014-09-30 23:08:19 paged_title() [Ứng dụng Android] [ - Part 2]
2014-09-30 23:08:22 paged_title() [Game Android] [ - Part 6]
2014-09-30 23:08:22 paged_title() [Game Android] [ - Part 2]
2014-09-30 23:08:25 paged_title() [Game Android] [ - Part 2]
2014-09-30 23:08:25 paged_title() [Game Android] [ - Part 6]
2014-09-30 23:08:27 paged_title() [Game Android] [ - Part 6]
2014-09-30 23:08:28 paged_title() [SMS xếp hình] [ - Part 2]
2014-09-30 23:08:30 paged_title() [Ứng dụng Android] [ - Part 2]
2014-09-30 23:08:33 paged_title() [Game Android] [ - Part 2]
2014-09-30 23:08:36 paged_title() [Game Android] [ - Part 6]
2014-09-30 23:08:38 paged_title() [SMS xếp hình] [ - Part 2]
2014-09-30 23:08:41 paged_title() [Ứng dụng Android] [ - Part 2]
2014-09-30 23:08:44 paged_title() [Game Android] [ - Part 2]
2014-09-30 23:08:47 paged_title() [Game Android] [ - Part 6]
2014-09-30 23:08:49 paged_title() [Ứng dụng Android] [ - Part 2]
2014-09-30 23:08:50 paged_title() [Ứng dụng Android] [ - Part 2]
2014-09-30 23:08:52 paged_title() [Game Android] [ - Part 2]
2014-09-30 23:08:55 paged_title() [Game Android] [ - Part 6]
2014-09-30 23:08:58 paged_title() [Ứng dụng Android] [ - Part 2]
2014-09-30 23:09:00 paged_title() [Game Android] [ - Part 2]
2014-09-30 23:09:03 paged_title() [Game Android] [ - Part 6]
2014-09-30 23:09:06 paged_title() [Ứng dụng Android] [ - Part 2]
2014-09-30 23:09:08 paged_title() [Game Android] [ - Part 3]
2014-09-30 23:09:11 paged_title() [Game Android] [ - Part 4]
2014-09-30 23:09:14 paged_title() [Game Android] [ - Part 2]
2014-09-30 23:09:17 paged_title() [Game Android] [ - Part 6]
2014-09-30 23:09:20 paged_title() [Ứng dụng Android] [ - Part 2]
2014-09-30 23:09:23 paged_title() [Game Android] [ - Part 2]
2014-09-30 23:09:27 paged_title() [Game Android] [ - Part 6]
2014-09-30 23:09:31 paged_title() [Ứng dụng Android] [ - Part 2]
2014-09-30 23:09:35 paged_title() [Game Android | Taidivn.com - Tải Game điện thoại và Ứng dụng android miễn phí cho mobile] [ - Part 3]
2014-09-30 23:10:23 paged_title() [SMS xếp hình] [ - Part 2]
2014-09-30 23:10:45 paged_title() [Ứng dụng Android] [ - Part 2]
2014-09-30 23:11:50 paged_title() [SMS xếp hình] [ - Part 2]
2014-09-30 23:12:19 paged_title() [Ứng dụng Android] [ - Part 2]
2014-09-30 23:13:53 paged_title() [SMS xếp hình] [ - Part 2]
2014-09-30 23:16:24 paged_title() [Ứng dụng Android] [ - Part 2]
2014-09-30 23:18:19 paged_title() [SMS xếp hình] [ - Part 2]
2014-09-30 23:18:54 paged_title() [Ứng dụng Android] [ - Part 2]
2014-10-01 00:00:52 paged_title() [Game Android] [ - Part 3]
2014-10-01 00:02:36 paged_title() [Game Android] [ - Part 2]
2014-10-01 00:03:25 paged_title() [Game Android] [ - Part 6]
2014-10-01 00:03:42 paged_title() [SMS xếp hình] [ - Part 2]
2014-10-01 00:04:37 paged_title() [Ứng dụng Android] [ - Part 2]
2014-10-01 00:04:42 paged_title() [Game Android] [ - Part 2]
2014-10-01 00:04:53 paged_title() [Game Android] [ - Part 6]
2014-10-01 00:04:58 paged_title() [Ứng dụng Android] [ - Part 2]
2014-10-01 00:05:05 paged_title() [Game Android] [ - Part 2]
2014-10-01 00:05:11 paged_title() [Game Android] [ - Part 6]
2014-10-01 00:05:16 paged_title() [SMS xếp hình] [ - Part 2]
2014-10-01 00:05:23 paged_title() [Ứng dụng Android] [ - Part 2]
2014-10-01 00:05:27 paged_title() [Game Android] [ - Part 2]
2014-10-01 00:05:33 paged_title() [Game Android] [ - Part 6]
2014-10-01 00:05:39 paged_title() [Game Android] [ - Part 2]
2014-10-01 00:05:43 paged_title() [Game Android] [ - Part 6]
2014-10-01 00:05:48 paged_title() [SMS xếp hình] [ - Part 2]
2014-10-01 00:05:54 paged_title() [Ứng dụng Android] [ - Part 2]
2014-10-01 00:05:59 paged_title() [Game Android] [ - Part 2]
2014-10-01 00:06:02 paged_title() [Game Android] [ - Part 6]
2014-10-01 00:06:05 paged_title() [SMS xếp hình] [ - Part 2]
2014-10-01 00:06:09 paged_title() [Ứng dụng Android] [ - Part 2]
2014-10-01 00:06:13 paged_title() [Game Android] [ - Part 2]
2014-10-01 00:06:18 paged_title() [Game Android] [ - Part 6]
2014-10-01 00:06:23 paged_title() [SMS xếp hình] [ - Part 2]
2014-10-01 00:06:30 paged_title() [Ứng dụng Android] [ - Part 2]
2014-10-01 00:06:33 paged_title() [Game Android] [ - Part 2]
2014-10-01 00:06:40 paged_title() [Game Android] [ - Part 6]
2014-10-01 00:06:45 paged_title() [Game Android] [ - Part 2]
2014-10-01 00:06:51 paged_title() [Game Android] [ - Part 6]
2014-10-01 00:06:57 paged_title() [SMS xếp hình] [ - Part 2]
2014-10-01 00:07:01 paged_title() [Ứng dụng Android] [ - Part 2]
2014-10-01 00:07:06 paged_title() [Game Android] [ - Part 2]
2014-10-01 00:07:09 paged_title() [Game Android] [ - Part 6]
2014-10-01 00:07:15 paged_title() [Game Android] [ - Part 2]
2014-10-01 00:07:20 paged_title() [Game Android] [ - Part 6]
2014-10-01 00:07:24 paged_title() [SMS xếp hình] [ - Part 2]
2014-10-01 00:07:27 paged_title() [Ứng dụng Android] [ - Part 2]
2014-10-01 00:07:30 paged_title() [Game Android] [ - Part 2]
2014-10-01 00:07:33 paged_title() [Game Android] [ - Part 6]
2014-10-01 00:07:38 paged_title() [Game Android] [ - Part 2]
2014-10-01 00:07:42 paged_title() [Game Android] [ - Part 6]
2014-10-01 00:07:45 paged_title() [SMS xếp hình] [ - Part 2]
2014-10-01 00:07:48 paged_title() [Ứng dụng Android] [ - Part 2]
2014-10-01 00:07:52 paged_title() [Game Android] [ - Part 2]
2014-10-01 00:07:58 paged_title() [Game Android] [ - Part 6]
2014-10-01 00:08:02 paged_title() [Game Android] [ - Part 2]
2014-10-01 00:08:05 paged_title() [Game Android] [ - Part 6]
2014-10-01 00:08:11 paged_title() [SMS xếp hình] [ - Part 2]
2014-10-01 00:08:14 paged_title() [Ứng dụng Android] [ - Part 2]
2014-10-01 00:08:22 paged_title() [Game Android] [ - Part 3]
2014-10-01 00:08:26 paged_title() [Game Android] [ - Part 2]
2014-10-01 00:08:31 paged_title() [Game Android] [ - Part 6]
2014-10-01 00:08:35 paged_title() [SMS xếp hình] [ - Part 2]
2014-10-01 00:08:40 paged_title() [Ứng dụng Android] [ - Part 2]
2014-10-01 00:08:43 paged_title() [Game Android] [ - Part 2]
2014-10-01 00:08:47 paged_title() [Game Android] [ - Part 6]
2014-10-01 00:08:49 paged_title() [Ứng dụng Android] [ - Part 2]
2014-10-01 00:08:53 paged_title() [Game Android] [ - Part 2]
2014-10-01 00:08:58 paged_title() [Game Android] [ - Part 6]
2014-10-01 00:09:02 paged_title() [SMS xếp hình] [ - Part 2]
2014-10-01 00:09:07 paged_title() [Ứng dụng Android] [ - Part 2]
2014-10-01 00:09:10 paged_title() [Game Android] [ - Part 2]
2014-10-01 00:09:14 paged_title() [Game Android] [ - Part 6]
2014-10-01 00:09:19 paged_title() [Game Android] [ - Part 2]
2014-10-01 00:09:23 paged_title() [Game Android] [ - Part 6]
2014-10-01 00:09:30 paged_title() [SMS xếp hình] [ - Part 2]
2014-10-01 00:09:33 paged_title() [Ứng dụng Android] [ - Part 2]
2014-10-01 00:09:35 paged_title() [Game Android] [ - Part 2]
2014-10-01 00:09:38 paged_title() [Game Android] [ - Part 6]
2014-10-01 00:09:43 paged_title() [SMS xếp hình] [ - Part 2]
2014-10-01 00:09:46 paged_title() [Ứng dụng Android] [ - Part 2]
2014-10-01 00:09:52 paged_title() [Game Android] [ - Part 2]
2014-10-01 00:09:57 paged_title() [Game Android] [ - Part 6]
2014-10-01 00:10:01 paged_title() [Game Android] [ - Part 2]
2014-10-01 00:10:04 paged_title() [Game Android] [ - Part 6]
2014-10-01 00:10:08 paged_title() [SMS xếp hình] [ - Part 2]
2014-10-01 00:10:13 paged_title() [Ứng dụng Android] [ - Part 2]
2014-10-01 10:59:15 paged_title() [Game Ios | Taidivn.com - Tải Game điện thoại và Ứng dụng android miễn phí cho mobile] [ - Part 2]
2014-10-01 11:51:34 paged_title() [SMS xếp hình] [ - Part 2]
2014-10-01 11:52:24 paged_title() [Game Android] [ - Part 2]
2014-10-01 11:52:27 paged_title() [Game Android] [ - Part 6]
2014-10-01 11:52:29 paged_title() [SMS xếp hình] [ - Part 2]
2014-10-01 11:52:59 paged_title() [Ứng dụng Android] [ - Part 2]
2014-10-01 11:53:33 paged_title() [SMS xếp hình] [ - Part 2]
2014-10-01 11:55:22 paged_title() [SMS xếp hình] [ - Part 2]
2014-10-01 12:09:27 paged_title() [SMS xếp hình] [ - Part 2]
2014-10-01 14:20:44 paged_title() [TaiDivn.Com - Tải game điện thoại và Ứng dụng điện thoại miễn phí cho mobile] [ - Part 2]
2014-10-01 14:36:28 paged_title() [Game Android] [ - Part 2]
2014-10-01 14:37:50 paged_title() [Ứng dụng Android] [ - Part 2]
2014-10-01 14:38:18 paged_title() [Ứng dụng Android] [ - Part 2]
2014-10-01 14:48:04 paged_title() [Game IOS] [ - Part 2]
2014-10-01 14:48:19 paged_title() [Game Android] [ - Part 2]
2014-10-01 14:48:27 paged_title() [Game Android] [ - Part 2]
2014-10-01 14:48:29 paged_title() [Game Android] [ - Part 3]
2014-10-01 14:49:19 paged_title() [Java Game] [ - Part 2]
2014-10-01 16:31:57 paged_title() [Game Android] [ - Part 2]
2014-10-01 16:32:03 paged_title() [Game Android] [ - Part 6]
2014-10-01 16:32:08 paged_title() [SMS xếp hình] [ - Part 2]
2014-10-01 16:32:42 paged_title() [Ứng dụng Android] [ - Part 2]
2014-10-01 16:32:46 paged_title() [Game Android] [ - Part 5]
2014-10-01 16:34:25 paged_title() [SMS xếp hình] [ - Part 2]
2014-10-01 16:35:53 paged_title() [SMS xếp hình] [ - Part 2]
2014-10-01 16:36:56 paged_title() [SMS xếp hình] [ - Part 2]
2014-10-01 16:38:04 paged_title() [Game Android] [ - Part 2]
2014-10-01 16:38:07 paged_title() [Game Android] [ - Part 6]
2014-10-01 16:38:11 paged_title() [SMS xếp hình] [ - Part 2]
2014-10-01 16:38:43 paged_title() [Ứng dụng Android] [ - Part 2]
2014-10-01 16:39:13 paged_title() [SMS xếp hình] [ - Part 2]
2014-10-01 16:41:59 paged_title() [Game Android] [ - Part 2]
2014-10-01 16:42:05 paged_title() [Game Android] [ - Part 6]
2014-10-01 16:42:09 paged_title() [SMS xếp hình] [ - Part 2]
2014-10-01 16:42:37 paged_title() [Ứng dụng Android] [ - Part 2]
2014-10-01 16:43:07 paged_title() [SMS xếp hình] [ - Part 2]
2014-10-01 16:44:01 paged_title() [Game Android] [ - Part 2]
2014-10-01 16:44:05 paged_title() [Game Android] [ - Part 6]
2014-10-01 16:44:11 paged_title() [SMS xếp hình] [ - Part 2]
2014-10-01 16:45:11 paged_title() [SMS xếp hình] [ - Part 2]
2014-10-01 16:46:43 paged_title() [SMS xếp hình] [ - Part 2]
2014-10-01 16:47:52 paged_title() [Game Android] [ - Part 2]
2014-10-01 16:47:56 paged_title() [Game Android] [ - Part 6]
2014-10-01 16:48:00 paged_title() [SMS xếp hình] [ - Part 2]
2014-10-01 16:48:34 paged_title() [Ứng dụng Android] [ - Part 2]
2014-10-01 16:49:06 paged_title() [SMS xếp hình] [ - Part 2]
2014-10-01 16:50:40 paged_title() [SMS xếp hình] [ - Part 2]
2014-10-01 16:51:43 paged_title() [Game Android] [ - Part 2]
2014-10-01 16:51:47 paged_title() [Game Android] [ - Part 6]
2014-10-01 16:51:51 paged_title() [SMS xếp hình] [ - Part 2]
2014-10-01 17:30:27 paged_title() [Ứng dụng Android] [ - Part 2]
2014-10-01 17:30:33 paged_title() [Game Android] [ - Part 5]
2014-10-01 17:31:40 paged_title() [SMS xếp hình] [ - Part 2]
2014-10-01 17:32:38 paged_title() [SMS xếp hình] [ - Part 2]
2014-10-01 17:33:18 paged_title() [Game Android] [ - Part 2]
2014-10-01 17:33:21 paged_title() [Game Android] [ - Part 6]
2014-10-01 17:36:40 paged_title() [SMS xếp hình] [ - Part 2]
2014-10-01 17:37:04 paged_title() [Ứng dụng Android] [ - Part 2]
2014-10-01 17:37:44 paged_title() [SMS xếp hình] [ - Part 2]
2014-10-01 17:39:03 paged_title() [SMS xếp hình] [ - Part 2]
2014-10-01 17:39:59 paged_title() [Game Android] [ - Part 2]
2014-10-01 17:40:02 paged_title() [Game Android] [ - Part 6]
2014-10-01 17:40:07 paged_title() [SMS xếp hình] [ - Part 2]
2014-10-01 17:40:28 paged_title() [Ứng dụng Android] [ - Part 2]
2014-10-01 17:40:53 paged_title() [SMS xếp hình] [ - Part 2]
2014-10-01 17:41:41 paged_title() [Game Android] [ - Part 2]
2014-10-01 17:41:44 paged_title() [Game Android] [ - Part 6]
2014-10-01 17:41:46 paged_title() [SMS xếp hình] [ - Part 2]
2014-10-01 17:42:09 paged_title() [Ứng dụng Android] [ - Part 2]
2014-10-01 17:42:56 paged_title() [SMS xếp hình] [ - Part 2]
2014-10-01 17:44:21 paged_title() [SMS xếp hình] [ - Part 2]
2014-10-01 17:45:23 paged_title() [Game Android] [ - Part 2]
2014-10-01 17:45:27 paged_title() [Game Android] [ - Part 6]
2014-10-01 17:45:31 paged_title() [SMS xếp hình] [ - Part 2]
2014-10-01 17:45:53 paged_title() [Ứng dụng Android] [ - Part 2]
2014-10-01 21:05:16 paged_title() [Java Game | Taidivn.com - Tải Game điện thoại và Ứng dụng android miễn phí cho mobile] [ - Part 2]
2014-10-02 01:40:34 paged_title() [TaiDivn.Com - Tải game điện thoại và Ứng dụng điện thoại miễn phí cho mobile] [ - Part 2]
2014-10-02 08:50:04 paged_title() [Java Game] [ - Part 4]
2014-10-02 09:03:10 paged_title() [Game Online] [ - Part 5]
2014-10-02 09:57:43 paged_title() [Ứng dụng Android] [ - Part 2]
2014-10-02 10:18:52 paged_title() [Game IOS] [ - Part 3]
2014-10-02 11:26:31 paged_title() [Game Android | Taidivn.com - Tải Game điện thoại và Ứng dụng android miễn phí cho mobile] [ - Part 5]
2014-10-02 11:26:35 paged_title() [Game Android | Taidivn.com - Tải Game điện thoại và Ứng dụng android miễn phí cho mobile] [ - Part 2]
2014-10-02 11:36:25 paged_title() [TaiDivn.Com - Tải game điện thoại và Ứng dụng điện thoại miễn phí cho mobile] [ - Part 2]
2014-10-02 11:38:39 paged_title() [TaiDivn.Com - Tải game điện thoại và Ứng dụng điện thoại miễn phí cho mobile] [ - Part 2]
2014-10-02 11:38:49 paged_title() [TaiDivn.Com - Tải game điện thoại và Ứng dụng điện thoại miễn phí cho mobile] [ - Part 2]
2014-10-02 11:46:46 paged_title() [TaiDivn.Com - Tải game điện thoại và Ứng dụng điện thoại miễn phí cho mobile] [ - Part 2]
2014-10-02 12:34:05 paged_title() [Game Ios | Taidivn.com - Tải Game điện thoại và Ứng dụng android miễn phí cho mobile] [ - Part 2]
2014-10-02 12:34:25 paged_title() [Game Ios | Taidivn.com - Tải Game điện thoại và Ứng dụng android miễn phí cho mobile] [ - Part 2]
2014-10-02 13:24:28 paged_title() [Java Game] [ - Part 3]
2014-10-02 15:07:18 paged_title() [Java Game] [ - Part 2]
2014-10-02 15:29:54 paged_title() [TaiDivn.Com - Tải game điện thoại và Ứng dụng điện thoại miễn phí cho mobile] [ - Part 2]
2014-10-02 15:41:40 paged_title() [Game Online | Taidivn.com - Tải Game điện thoại và Ứng dụng android miễn phí cho mobile] [ - Part 2]
2014-10-02 18:32:56 paged_title() [Sms Xếp Hình | Taidivn.com - Tải Game điện thoại và Ứng dụng android miễn phí cho mobile] [ - Part 2]
2014-10-02 22:33:04 paged_title() [Ứng dụng Android] [ - Part 2]
2014-10-03 01:56:00 paged_title() [SMS xếp hình] [ - Part 2]
2014-10-03 01:56:29 paged_title() [SMS xếp hình] [ - Part 2]
2014-10-03 01:57:31 paged_title() [SMS xếp hình] [ - Part 2]
2014-10-03 01:57:44 paged_title() [SMS xếp hình] [ - Part 2]
2014-10-03 01:58:21 paged_title() [SMS xếp hình] [ - Part 2]
2014-10-03 01:58:59 paged_title() [SMS xếp hình] [ - Part 2]
2014-10-03 01:59:12 paged_title() [SMS xếp hình] [ - Part 2]
2014-10-03 01:59:54 paged_title() [SMS xếp hình] [ - Part 2]
2014-10-03 02:00:11 paged_title() [SMS xếp hình] [ - Part 2]
2014-10-03 02:00:46 paged_title() [SMS xếp hình] [ - Part 2]
2014-10-03 02:02:35 paged_title() [SMS xếp hình] [ - Part 2]
2014-10-03 02:02:43 paged_title() [SMS xếp hình] [ - Part 2]
2014-10-03 02:03:25 paged_title() [SMS xếp hình] [ - Part 2]
2014-10-03 02:03:38 paged_title() [SMS xếp hình] [ - Part 2]
2014-10-03 02:04:29 paged_title() [SMS xếp hình] [ - Part 2]
2014-10-03 02:04:43 paged_title() [SMS xếp hình] [ - Part 2]
2014-10-03 03:57:12 paged_title() [Game IOS] [ - Part 2]
2014-10-03 03:57:25 paged_title() [Game IOS] [ - Part 3]
2014-10-03 03:57:40 paged_title() [Java Game] [ - Part 2]
2014-10-03 03:58:04 paged_title() [Java Game] [ - Part 4]
2014-10-03 03:58:32 paged_title() [Game Online] [ - Part 2]
2014-10-03 03:59:00 paged_title() [Game Online] [ - Part 5]
2014-10-03 03:59:28 paged_title() [Game Android] [ - Part 2]
2014-10-03 03:59:56 paged_title() [Game Android] [ - Part 6]
2014-10-03 04:00:25 paged_title() [SMS xếp hình] [ - Part 2]
2014-10-03 04:00:55 paged_title() [Ứng dụng Android] [ - Part 2]
2014-10-03 04:03:30 paged_title() [Java Game] [ - Part 3]
2014-10-03 04:03:48 paged_title() [Game Online] [ - Part 3]
2014-10-03 04:04:06 paged_title() [Game Online] [ - Part 4]
2014-10-03 04:04:24 paged_title() [Game Android] [ - Part 5]
2014-10-03 04:04:42 paged_title() [Game Android] [ - Part 3]
2014-10-03 04:07:01 paged_title() [Game Android] [ - Part 4]
2014-10-03 07:01:43 paged_title() [Game Online] [ - Part 2]
2014-10-03 07:04:58 paged_title() [Game Online] [ - Part 3]
2014-10-03 07:06:56 paged_title() [Game Online] [ - Part 4]
2014-10-03 07:09:54 paged_title() [Game Online] [ - Part 5]
2014-10-03 07:10:52 paged_title() [Ứng dụng Android] [ - Part 2]
2014-10-03 08:57:38 paged_title() [TaiDivn.Com - Tải game điện thoại và Ứng dụng điện thoại miễn phí cho mobile] [ - Part 2]
2014-10-03 14:18:22 paged_title() [SMS xếp hình] [ - Part 2]
2014-10-03 22:59:35 paged_title() [Game Android] [ - Part 2]
2014-10-03 22:59:37 paged_title() [Game Android] [ - Part 6]
2014-10-03 22:59:40 paged_title() [Game IOS] [ - Part 2]
2014-10-03 22:59:46 paged_title() [Game IOS] [ - Part 3]
2014-10-03 22:59:51 paged_title() [Game Online] [ - Part 5]
2014-10-03 23:00:03 paged_title() [Java Game] [ - Part 2]
2014-10-03 23:00:08 paged_title() [Java Game] [ - Part 4]
2014-10-03 23:00:14 paged_title() [SMS xếp hình] [ - Part 2]
2014-10-03 23:00:21 paged_title() [Ứng dụng Android] [ - Part 2]
2014-10-04 06:51:10 paged_title() [Tiên Hiệp | Taidivn.com - Tải Game điện thoại và Ứng dụng android miễn phí cho mobile] [ - Part 2]
2014-10-04 09:30:57 paged_title() [Java Game] [ - Part 2]
2014-10-04 09:31:12 paged_title() [Java Game] [ - Part 3]
2014-10-04 09:31:27 paged_title() [Java Game] [ - Part 3]
2014-10-04 09:31:50 paged_title() [Java Game] [ - Part 3]
2014-10-04 09:31:54 paged_title() [Java Game] [ - Part 4]
2014-10-04 09:31:54 paged_title() [Java Game] [ - Part 4]
2014-10-04 10:38:59 paged_title() [Game Online] [ - Part 2]
2014-10-04 11:32:52 paged_title() [Game Android] [ - Part 2]
2014-10-04 11:33:18 paged_title() [Game Android] [ - Part 6]
2014-10-04 11:33:43 paged_title() [Ứng dụng Android] [ - Part 2]
2014-10-04 12:11:01 paged_title() [Game Android] [ - Part 3]
2014-10-04 12:11:06 paged_title() [Game Android] [ - Part 5]
2014-10-04 12:11:15 paged_title() [Game Online] [ - Part 4]
2014-10-04 12:11:25 paged_title() [Java Game] [ - Part 3]
2014-10-04 16:12:04 paged_title() [TaiDivn.Com - Tải game điện thoại và Ứng dụng điện thoại miễn phí cho mobile] [ - Part 2]
2014-10-04 16:23:57 paged_title() [TaiDivn.Com - Tải game điện thoại và Ứng dụng điện thoại miễn phí cho mobile] [ - Part 2]
2014-10-04 23:47:53 paged_title() [Game IOS] [ - Part 2]
2014-10-05 00:55:55 paged_title() [Game Online] [ - Part 3]
2014-10-05 01:56:38 paged_title() [Game Android] [ - Part 4]
2014-10-05 01:56:45 paged_title() [Game Android] [ - Part 7]
2014-10-05 02:41:45 paged_title() [TaiDivn.Com - Tải game điện thoại và Ứng dụng điện thoại miễn phí cho mobile] [ - Part 2]
2014-10-05 03:26:45 paged_title() [Game Android | Taidivn.com - Tải Game điện thoại và Ứng dụng android miễn phí cho mobile] [ - Part 5]
2014-10-05 04:01:35 paged_title() [Game Android | Taidivn.com - Tải Game điện thoại và Ứng dụng android miễn phí cho mobile] [ - Part 5]
2014-10-05 04:51:57 paged_title() [Game Android | Taidivn.com - Tải Game điện thoại và Ứng dụng android miễn phí cho mobile] [ - Part 2]
2014-10-05 05:52:27 paged_title() [Game Online | Taidivn.com - Tải Game điện thoại và Ứng dụng android miễn phí cho mobile] [ - Part 3]
2014-10-05 06:53:11 paged_title() [Java Game] [ - Part 4]
2014-10-05 07:07:03 paged_title() [Game Android] [ - Part 2]
2014-10-05 07:07:04 paged_title() [Game Android] [ - Part 6]
2014-10-05 07:07:06 paged_title() [Game IOS] [ - Part 2]
2014-10-05 07:07:07 paged_title() [Game IOS] [ - Part 3]
2014-10-05 07:07:09 paged_title() [Game Online] [ - Part 2]
2014-10-05 07:07:10 paged_title() [Game Online] [ - Part 5]
2014-10-05 07:07:14 paged_title() [SMS xếp hình] [ - Part 2]
2014-10-05 07:07:15 paged_title() [Ứng dụng Android] [ - Part 2]
2014-10-05 07:17:27 paged_title() [SMS xếp hình] [ - Part 2]
2014-10-05 07:42:04 paged_title() [Game IOS] [ - Part 3]
2014-10-05 08:18:10 paged_title() [Game Online] [ - Part 2]
2014-10-05 09:32:29 paged_title() [Game Online] [ - Part 5]
2014-10-06 04:39:35 paged_title() [Game Online] [ - Part 2]
2014-10-06 04:39:53 paged_title() [Game Online] [ - Part 2]
2014-10-06 05:25:07 paged_title() [Game Android | Taidivn.com - Tải Game điện thoại và Ứng dụng android miễn phí cho mobile] [ - Part 2]
2014-10-06 05:25:08 paged_title() [Game Android | Taidivn.com - Tải Game điện thoại và Ứng dụng android miễn phí cho mobile] [ - Part 5]
2014-10-06 05:25:09 paged_title() [Game Ios | Taidivn.com - Tải Game điện thoại và Ứng dụng android miễn phí cho mobile] [ - Part 2]
2014-10-06 05:25:11 paged_title() [Game Online | Taidivn.com - Tải Game điện thoại và Ứng dụng android miễn phí cho mobile] [ - Part 2]
2014-10-06 05:25:12 paged_title() [Game Online | Taidivn.com - Tải Game điện thoại và Ứng dụng android miễn phí cho mobile] [ - Part 4]
2014-10-06 12:14:30 paged_title() [SMS xếp hình] [ - Part 2]
2014-10-06 16:25:21 paged_title() [TaiDivn.Com - Tải game điện thoại và Ứng dụng điện thoại miễn phí cho mobile] [ - Part 2]
2014-10-06 16:27:10 paged_title() [TaiDivn.Com - Tải game điện thoại và Ứng dụng điện thoại miễn phí cho mobile] [ - Part 2]
2014-10-06 16:28:26 paged_title() [TaiDivn.Com - Tải game điện thoại và Ứng dụng điện thoại miễn phí cho mobile] [ - Part 2]
2014-10-07 02:01:17 paged_title() [Game Online] [ - Part 6]
2014-10-07 02:01:20 paged_title() [Game Online] [ - Part 2]
2014-10-07 02:50:38 paged_title() [SMS xếp hình] [ - Part 2]
2014-10-07 03:46:36 paged_title() [Ứng dụng Android] [ - Part 2]
2014-10-07 03:51:37 paged_title() [Game IOS] [ - Part 2]
2014-10-07 03:51:45 paged_title() [Game IOS] [ - Part 3]
2014-10-07 04:22:04 paged_title() [Java Game] [ - Part 2]
2014-10-07 04:22:05 paged_title() [Java Game] [ - Part 4]
2014-10-07 05:01:53 paged_title() [Game Android] [ - Part 7]
2014-10-07 05:01:54 paged_title() [Java Game] [ - Part 2]
2014-10-07 05:01:55 paged_title() [Java Game] [ - Part 4]
2014-10-07 05:01:56 paged_title() [Game Android] [ - Part 3]
2014-10-07 05:01:58 paged_title() [Game Android] [ - Part 5]
2014-10-07 05:06:04 paged_title() [Java Game | Taidivn.com - Tải Game điện thoại và Ứng dụng android miễn phí cho mobile] [ - Part 2]
2014-10-07 05:12:23 paged_title() [Game Android] [ - Part 2]
2014-10-07 05:12:53 paged_title() [Game Android] [ - Part 7]
2014-10-07 11:32:49 paged_title() [Ứng dụng Android] [ - Part 2]
2014-10-07 11:34:04 paged_title() [Game Android] [ - Part 2]
2014-10-07 11:34:20 paged_title() [Game Android] [ - Part 3]
2014-10-07 11:34:31 paged_title() [Game Android] [ - Part 4]
2014-10-07 11:35:07 paged_title() [Game Android] [ - Part 5]
2014-10-07 11:35:19 paged_title() [Ứng dụng Android] [ - Part 2]
2014-10-07 13:54:12 paged_title() [TaiDivn.Com - Tải game điện thoại và Ứng dụng điện thoại miễn phí cho mobile] [ - Part 2]
2014-10-07 22:58:25 paged_title() [Ứng dụng Android] [ - Part 2]
2014-10-08 01:10:16 paged_title() [TaiDivn.Com - Tải game điện thoại và Ứng dụng điện thoại miễn phí cho mobile] [ - Part 2]
2014-10-08 02:30:34 paged_title() [TaiDivn.Com - Tải game điện thoại và Ứng dụng điện thoại miễn phí cho mobile] [ - Part 2]
2014-10-08 02:40:35 paged_title() [TaiDivn.Com - Tải game điện thoại và Ứng dụng điện thoại miễn phí cho mobile] [ - Part 2]
2014-10-08 04:04:30 paged_title() [Game Android | Taidivn.com - Tải Game điện thoại và Ứng dụng android miễn phí cho mobile] [ - Part 3]
2014-10-08 04:04:31 paged_title() [Game Android | Taidivn.com - Tải Game điện thoại và Ứng dụng android miễn phí cho mobile] [ - Part 4]
2014-10-08 04:04:32 paged_title() [Game Online | Taidivn.com - Tải Game điện thoại và Ứng dụng android miễn phí cho mobile] [ - Part 3]
2014-10-08 05:53:52 paged_title() [Ứng dụng Android] [ - Part 2]
2014-10-08 07:00:10 paged_title() [Game Android] [ - Part 2]
2014-10-08 08:49:02 paged_title() [TaiDivn.Com - Tải game điện thoại và Ứng dụng điện thoại miễn phí cho mobile] [ - Part 2]
2014-10-08 08:51:51 paged_title() [Game Online] [ - Part 3]
2014-10-08 10:18:11 paged_title() [Java Game] [ - Part 2]
2014-10-08 13:30:17 paged_title() [TaiDivn.Com - Tải game điện thoại và Ứng dụng điện thoại miễn phí cho mobile] [ - Part 2]
2014-10-09 03:00:38 paged_title() [Java Game] [ - Part 3]
2014-10-09 03:00:40 paged_title() [Game Android] [ - Part 4]
2014-10-09 03:04:00 paged_title() [Sms Xếp Hình | Taidivn.com - Tải Game điện thoại và Ứng dụng android miễn phí cho mobile] [ - Part 2]
2014-10-09 03:04:01 paged_title() [Java Game | Taidivn.com - Tải Game điện thoại và Ứng dụng android miễn phí cho mobile] [ - Part 3]
2014-10-09 13:31:55 paged_title() [Game IOS] [ - Part 2]
2014-10-09 13:47:26 paged_title() [SMS xếp hình] [ - Part 2]
2014-10-09 13:47:50 paged_title() [SMS xếp hình] [ - Part 2]
2014-10-09 15:45:46 paged_title() [TaiDivn.Com - Tải game điện thoại và Ứng dụng điện thoại miễn phí cho mobile] [ - Part 2]
2014-10-09 15:53:04 paged_title() [TaiDivn.Com - Tải game điện thoại và Ứng dụng điện thoại miễn phí cho mobile] [ - Part 2]
2014-10-09 17:13:29 paged_title() [Game Android] [ - Part 7]
2014-10-09 18:10:03 paged_title() [Game Online] [ - Part 6]
2014-10-09 20:15:54 paged_title() [Game IOS] [ - Part 2]
2014-10-09 20:16:07 paged_title() [Game IOS] [ - Part 3]
